
> server@0.0.0 deploy-to-prod /home/bobleeswagger/Documents/Quizdini/quizdini-teach
> npm run prettier && npm run build --prefix client && git add . && cross-env git commit -m "${npm_config_comment}" && git push origin main && git push heroku main "/tmp/nohup.out"


> server@0.0.0 prettier /home/bobleeswagger/Documents/Quizdini/quizdini-teach
> prettier **/*.{js,ts,vue,json} --write

client/babel.config.js 34ms
client/package-lock.json 456ms
client/package.json 25ms
client/src/api/auth.js 14ms
client/src/api/country.js 4ms
client/src/App.vue 57ms
client/src/components/ApiTester.vue 11ms
client/src/components/Auth.vue 56ms
client/src/components/Counter.vue 27ms
client/src/components/Country.vue 68ms
client/src/components/Login.vue 27ms
client/src/compose/useLoader.js 15ms
client/src/enums.js 3ms
client/src/main.js 2ms
client/src/router/index.js 4ms
client/src/store/actions.js 2ms
client/src/store/apiHelper.js 15ms
client/src/store/index.js 7ms
client/src/store/modules/auth.js 10ms
client/src/store/modules/countries.js 5ms
client/src/store/modules/test.js 6ms
client/src/store/mutations.js 1ms
client/src/utils/common.js 16ms
client/src/utils/fetch.js 11ms
client/vue.config.js 3ms
package-lock.json 101ms
package.json 3ms
server/app.js 15ms
server/config/dev.js 4ms
server/config/keys.js 3ms
server/config/prod.js 5ms
server/errors.js 14ms
server/middlewares/errorHandler.js 3ms
server/middlewares/eventHandler.js 3ms
server/middlewares/requireAdmin.js 3ms
server/middlewares/requireLogin.js 2ms
server/models/Country.js 4ms
server/models/Match.js 5ms
server/models/Payment.js 9ms
server/models/Ping.js 5ms
server/models/State.js 3ms
server/models/Token.js 7ms
server/models/User.js 14ms
server/routes/authRoutes.js 15ms
server/routes/matchRoutes.js 38ms
server/routes/paymentRoutes.js 15ms
server/routes/test.js 26ms
server/routes/userRoutes.js 41ms
server/services/email.js 12ms
server/services/memcache.js 7ms
server/services/passport.js 23ms

> client@0.1.0 build /home/bobleeswagger/Documents/Quizdini/quizdini-teach/client
> vue-cli-service build --modern


-  Building legacy bundle for production...
 DONE  Compiled successfully in 5470ms5:19:36 PM

  File                                      Size             Gzipped

  ../server/public/js/chunk-vendors-lega    162.88 KiB       57.87 KiB
  cy.249aa888.js
  ../server/public/js/app-legacy.92aad95    14.32 KiB        4.07 KiB
  8.js
  ../server/public/css/app.e99736f5.css     2.00 KiB         0.83 KiB

  Images and other types of assets omitted.


-  Building modern bundle for production...
 DONE  Compiled successfully in 5508ms5:19:43 PM

  File                                      Size             Gzipped

  ../server/public/js/chunk-vendors.00dd    126.48 KiB       44.96 KiB
  6dbd.js
  ../server/public/js/app.b84d3515.js       11.37 KiB        3.58 KiB
  ../server/public/css/app.e99736f5.css     2.00 KiB         0.83 KiB

  Images and other types of assets omitted.

 DONE  Build complete. The ../server/public directory is ready to be deployed.
 INFO  Check out deployment instructions at https://cli.vuejs.org/guide/deployment.html
      
[main 1c16d25] auth and useLoader work, etc.
 30 files changed, 1717 insertions(+), 1191 deletions(-)
 create mode 100644 client/src/components/Login.vue
 create mode 100644 client/src/compose/useLoader.js
 create mode 100644 client/src/enums.js
 delete mode 100644 server/public/js/app-legacy.7b4cffe1.js
 delete mode 100644 server/public/js/app-legacy.7b4cffe1.js.map
 create mode 100644 server/public/js/app-legacy.92aad958.js
 create mode 100644 server/public/js/app-legacy.92aad958.js.map
 delete mode 100644 server/public/js/app.75c7ac77.js
 delete mode 100644 server/public/js/app.75c7ac77.js.map
 create mode 100644 server/public/js/app.b84d3515.js
 create mode 100644 server/public/js/app.b84d3515.js.map
 create mode 100644 server/public/js/chunk-vendors-legacy.249aa888.js
 create mode 100644 server/public/js/chunk-vendors-legacy.249aa888.js.map
 delete mode 100644 server/public/js/chunk-vendors-legacy.3999eeae.js
 delete mode 100644 server/public/js/chunk-vendors-legacy.3999eeae.js.map
 create mode 100644 server/public/js/chunk-vendors.00dd6dbd.js
 create mode 100644 server/public/js/chunk-vendors.00dd6dbd.js.map
 delete mode 100644 server/public/js/chunk-vendors.fe9510d0.js
 delete mode 100644 server/public/js/chunk-vendors.fe9510d0.js.map
To https://github.com/babalugats76/quizdini-teach
   a4283a6..1c16d25  main -> main
fatal: invalid refspec '/tmp/nohup.out'
npm ERR! code ELIFECYCLE
npm ERR! errno 128
npm ERR! server@0.0.0 deploy-to-prod: `npm run prettier && npm run build --prefix client && git add . && cross-env git commit -m "${npm_config_comment}" && git push origin main && git push heroku main "/tmp/nohup.out"`
npm ERR! Exit status 128
npm ERR! 
npm ERR! Failed at the server@0.0.0 deploy-to-prod script.
npm ERR! This is probably not a problem with npm. There is likely additional logging output above.

npm ERR! A complete log of this run can be found in:
npm ERR!     /home/bobleeswagger/.npm/_logs/2021-02-02T00_19_48_923Z-debug.log
